Analysis & Synthesis report for de0_top
Thu Oct 19 14:01:07 2017
Quartus II Version 9.1 Build 222 10/21/2009 SJ Web Edition


---------------------
; Table of Contents ;
---------------------
  1. Legal Notice
  2. Analysis & Synthesis Summary
  3. Analysis & Synthesis Settings
  4. Parallel Compilation
  5. Analysis & Synthesis Messages



----------------
; Legal Notice ;
----------------
Copyright (C) 1991-2009 Altera Corporation
Your use of Altera Corporation's design tools, logic functions 
and other software and tools, and its AMPP partner logic 
functions, and any output files from any of the foregoing 
(including device programming or simulation files), and any 
associated documentation or information are expressly subject 
to the terms and conditions of the Altera Program License 
Subscription Agreement, Altera MegaCore Function License 
Agreement, or other applicable license agreement, including, 
without limitation, that your use is for the sole purpose of 
programming logic devices manufactured by Altera and sold by 
Altera or its authorized distributors.  Please refer to the 
applicable agreement for further details.



+------------------------------------------------------------------------------+
; Analysis & Synthesis Summary                                                 ;
+------------------------------------+-----------------------------------------+
; Analysis & Synthesis Status        ; Failed - Thu Oct 19 14:01:07 2017       ;
; Quartus II Version                 ; 9.1 Build 222 10/21/2009 SJ Web Edition ;
; Revision Name                      ; de0_top                                 ;
; Top-level Entity Name              ; de0_top                                 ;
; Family                             ; Cyclone III                             ;
; Total logic elements               ; N/A until Partition Merge               ;
;     Total combinational functions  ; N/A until Partition Merge               ;
;     Dedicated logic registers      ; N/A until Partition Merge               ;
; Total registers                    ; N/A until Partition Merge               ;
; Total pins                         ; N/A until Partition Merge               ;
; Total virtual pins                 ; N/A until Partition Merge               ;
; Total memory bits                  ; N/A until Partition Merge               ;
; Embedded Multiplier 9-bit elements ; N/A until Partition Merge               ;
; Total PLLs                         ; N/A until Partition Merge               ;
+------------------------------------+-----------------------------------------+


+----------------------------------------------------------------------------------------------------------------------+
; Analysis & Synthesis Settings                                                                                        ;
+----------------------------------------------------------------------------+--------------------+--------------------+
; Option                                                                     ; Setting            ; Default Value      ;
+----------------------------------------------------------------------------+--------------------+--------------------+
; Device                                                                     ; EP3C16F484C6       ;                    ;
; Top-level entity name                                                      ; de0_top            ; de0_top            ;
; Family name                                                                ; Cyclone III        ; Stratix II         ;
; Use Generated Physical Constraints File                                    ; Off                ;                    ;
; Use smart compilation                                                      ; Off                ; Off                ;
; Enable parallel Assembler and TimeQuest Timing Analyzer during compilation ; On                 ; On                 ;
; Enable compact report table                                                ; Off                ; Off                ;
; Restructure Multiplexers                                                   ; Auto               ; Auto               ;
; Create Debugging Nodes for IP Cores                                        ; Off                ; Off                ;
; Preserve fewer node names                                                  ; On                 ; On                 ;
; Disable OpenCore Plus hardware evaluation                                  ; Off                ; Off                ;
; Verilog Version                                                            ; Verilog_2001       ; Verilog_2001       ;
; VHDL Version                                                               ; VHDL_1993          ; VHDL_1993          ;
; State Machine Processing                                                   ; Auto               ; Auto               ;
; Safe State Machine                                                         ; Off                ; Off                ;
; Extract Verilog State Machines                                             ; On                 ; On                 ;
; Extract VHDL State Machines                                                ; On                 ; On                 ;
; Ignore Verilog initial constructs                                          ; Off                ; Off                ;
; Iteration limit for constant Verilog loops                                 ; 5000               ; 5000               ;
; Iteration limit for non-constant Verilog loops                             ; 250                ; 250                ;
; Add Pass-Through Logic to Inferred RAMs                                    ; On                 ; On                 ;
; Parallel Synthesis                                                         ; On                 ; On                 ;
; DSP Block Balancing                                                        ; Auto               ; Auto               ;
; NOT Gate Push-Back                                                         ; On                 ; On                 ;
; Power-Up Don't Care                                                        ; On                 ; On                 ;
; Remove Redundant Logic Cells                                               ; Off                ; Off                ;
; Remove Duplicate Registers                                                 ; On                 ; On                 ;
; Ignore CARRY Buffers                                                       ; Off                ; Off                ;
; Ignore CASCADE Buffers                                                     ; Off                ; Off                ;
; Ignore GLOBAL Buffers                                                      ; Off                ; Off                ;
; Ignore ROW GLOBAL Buffers                                                  ; Off                ; Off                ;
; Ignore LCELL Buffers                                                       ; Off                ; Off                ;
; Ignore SOFT Buffers                                                        ; On                 ; On                 ;
; Limit AHDL Integers to 32 Bits                                             ; Off                ; Off                ;
; Optimization Technique                                                     ; Balanced           ; Balanced           ;
; Carry Chain Length                                                         ; 70                 ; 70                 ;
; Auto Carry Chains                                                          ; On                 ; On                 ;
; Auto Open-Drain Pins                                                       ; On                 ; On                 ;
; Perform WYSIWYG Primitive Resynthesis                                      ; Off                ; Off                ;
; Auto ROM Replacement                                                       ; On                 ; On                 ;
; Auto RAM Replacement                                                       ; On                 ; On                 ;
; Auto DSP Block Replacement                                                 ; On                 ; On                 ;
; Auto Shift Register Replacement                                            ; Auto               ; Auto               ;
; Auto Clock Enable Replacement                                              ; On                 ; On                 ;
; Strict RAM Replacement                                                     ; Off                ; Off                ;
; Allow Synchronous Control Signals                                          ; On                 ; On                 ;
; Force Use of Synchronous Clear Signals                                     ; Off                ; Off                ;
; Auto RAM Block Balancing                                                   ; On                 ; On                 ;
; Auto RAM to Logic Cell Conversion                                          ; Off                ; Off                ;
; Auto Resource Sharing                                                      ; Off                ; Off                ;
; Allow Any RAM Size For Recognition                                         ; Off                ; Off                ;
; Allow Any ROM Size For Recognition                                         ; Off                ; Off                ;
; Allow Any Shift Register Size For Recognition                              ; Off                ; Off                ;
; Use LogicLock Constraints during Resource Balancing                        ; On                 ; On                 ;
; Ignore translate_off and synthesis_off directives                          ; Off                ; Off                ;
; Timing-Driven Synthesis                                                    ; On                 ; On                 ;
; Show Parameter Settings Tables in Synthesis Report                         ; On                 ; On                 ;
; Ignore Maximum Fan-Out Assignments                                         ; Off                ; Off                ;
; Synchronization Register Chain Length                                      ; 2                  ; 2                  ;
; PowerPlay Power Optimization                                               ; Normal compilation ; Normal compilation ;
; HDL message level                                                          ; Level2             ; Level2             ;
; Suppress Register Optimization Related Messages                            ; Off                ; Off                ;
; Number of Removed Registers Reported in Synthesis Report                   ; 100                ; 100                ;
; Number of Inverted Registers Reported in Synthesis Report                  ; 100                ; 100                ;
; Clock MUX Protection                                                       ; On                 ; On                 ;
; Auto Gated Clock Conversion                                                ; Off                ; Off                ;
; Block Design Naming                                                        ; Auto               ; Auto               ;
; SDC constraint protection                                                  ; Off                ; Off                ;
; Synthesis Effort                                                           ; Auto               ; Auto               ;
; Shift Register Replacement - Allow Asynchronous Clear Signal               ; On                 ; On                 ;
; Analysis & Synthesis Message Level                                         ; Medium             ; Medium             ;
; Disable Register Merging Across Hierarchies                                ; Auto               ; Auto               ;
; Resource Aware Inference For Block RAM                                     ; On                 ; On                 ;
+----------------------------------------------------------------------------+--------------------+--------------------+


Parallel compilation was disabled, but you have multiple processors available. Enable parallel compilation to reduce compilation time.
+-------------------------------------+
; Parallel Compilation                ;
+----------------------------+--------+
; Processors                 ; Number ;
+----------------------------+--------+
; Number detected on machine ; 2      ;
; Maximum allowed            ; 1      ;
+----------------------------+--------+


+-------------------------------+
; Analysis & Synthesis Messages ;
+-------------------------------+
Info: *******************************************************************
Info: Running Quartus II Analysis & Synthesis
    Info: Version 9.1 Build 222 10/21/2009 SJ Web Edition
    Info: Processing started: Thu Oct 19 14:01:07 2017
Info: Command: quartus_map --read_settings_files=on --write_settings_files=off de0_top -c de0_top
Info: Found 1 design units, including 1 entities, in source file de0_top.v
    Info: Found entity 1: de0_top
Info: Found 4 design units, including 4 entities, in source file /desktop/digitaldevices/schoolmips/src/sm_cpu.v
    Info: Found entity 1: sm_cpu
    Info: Found entity 2: sm_control
    Info: Found entity 3: sm_alu
    Info: Found entity 4: sm_register_file
Info: Found 2 design units, including 2 entities, in source file /desktop/digitaldevices/schoolmips/src/sm_hex_display.v
    Info: Found entity 1: sm_hex_display
    Info: Found entity 2: sm_hex_display_8
Info: Found 2 design units, including 2 entities, in source file /desktop/digitaldevices/schoolmips/src/sm_register.v
    Info: Found entity 1: sm_register
    Info: Found entity 2: sm_register_we
Info: Found 1 design units, including 1 entities, in source file /desktop/digitaldevices/schoolmips/src/sm_rom.v
    Info: Found entity 1: sm_rom
Info: Found 3 design units, including 3 entities, in source file /desktop/digitaldevices/schoolmips/src/sm_top.v
    Info: Found entity 1: sm_top
    Info: Found entity 2: sm_metafilter
    Info: Found entity 3: sm_clk_divider
Info: Elaborating entity "de0_top" for the top level hierarchy
Warning (10034): Output port "DRAM_ADDR" at de0_top.v(28) has no driver
Warning (10034): Output port "FL_ADDR" at de0_top.v(42) has no driver
Warning (10034): Output port "VGA_R" at de0_top.v(70) has no driver
Warning (10034): Output port "VGA_G" at de0_top.v(71) has no driver
Warning (10034): Output port "VGA_B" at de0_top.v(72) has no driver
Warning (10034): Output port "GPIO0_CLKOUT" at de0_top.v(75) has no driver
Warning (10034): Output port "GPIO1_CLKOUT" at de0_top.v(78) has no driver
Warning (10034): Output port "HEX1_DP" at de0_top.v(14) has no driver
Warning (10034): Output port "HEX2_DP" at de0_top.v(16) has no driver
Warning (10034): Output port "HEX3_DP" at de0_top.v(18) has no driver
Warning (10034): Output port "UART_TXD" at de0_top.v(22) has no driver
Warning (10034): Output port "UART_CTS" at de0_top.v(24) has no driver
Warning (10034): Output port "DRAM_LDQM" at de0_top.v(29) has no driver
Warning (10034): Output port "DRAM_UDQM" at de0_top.v(30) has no driver
Warning (10034): Output port "DRAM_WE_N" at de0_top.v(31) has no driver
Warning (10034): Output port "DRAM_CAS_N" at de0_top.v(32) has no driver
Warning (10034): Output port "DRAM_RAS_N" at de0_top.v(33) has no driver
Warning (10034): Output port "DRAM_CS_N" at de0_top.v(34) has no driver
Warning (10034): Output port "DRAM_BA_0" at de0_top.v(35) has no driver
Warning (10034): Output port "DRAM_BA_1" at de0_top.v(36) has no driver
Warning (10034): Output port "DRAM_CLK" at de0_top.v(37) has no driver
Warning (10034): Output port "DRAM_CKE" at de0_top.v(38) has no driver
Warning (10034): Output port "FL_WE_N" at de0_top.v(43) has no driver
Warning (10034): Output port "FL_RST_N" at de0_top.v(44) has no driver
Warning (10034): Output port "FL_OE_N" at de0_top.v(45) has no driver
Warning (10034): Output port "FL_CE_N" at de0_top.v(46) has no driver
Warning (10034): Output port "FL_WP_N" at de0_top.v(47) has no driver
Warning (10034): Output port "FL_BYTE_N" at de0_top.v(48) has no driver
Warning (10034): Output port "LCD_BLON" at de0_top.v(52) has no driver
Warning (10034): Output port "LCD_RW" at de0_top.v(53) has no driver
Warning (10034): Output port "LCD_EN" at de0_top.v(54) has no driver
Warning (10034): Output port "LCD_RS" at de0_top.v(55) has no driver
Warning (10034): Output port "SD_CLK" at de0_top.v(60) has no driver
Warning (10034): Output port "VGA_HS" at de0_top.v(68) has no driver
Warning (10034): Output port "VGA_VS" at de0_top.v(69) has no driver
Info: Elaborating entity "sm_top" for hierarchy "sm_top:sm_top"
Info: Elaborating entity "sm_metafilter" for hierarchy "sm_top:sm_top|sm_metafilter:f0"
Info: Elaborating entity "sm_metafilter" for hierarchy "sm_top:sm_top|sm_metafilter:f1"
Info: Elaborating entity "sm_metafilter" for hierarchy "sm_top:sm_top|sm_metafilter:f2"
Info: Elaborating entity "sm_clk_divider" for hierarchy "sm_top:sm_top|sm_clk_divider:sm_clk_divider"
Info: Elaborating entity "sm_register_we" for hierarchy "sm_top:sm_top|sm_clk_divider:sm_clk_divider|sm_register_we:r_cntr"
Info: Elaborating entity "sm_rom" for hierarchy "sm_top:sm_top|sm_rom:reset_rom"
Error (10054): Verilog HDL File I/O error at sm_rom.v(14): can't open Verilog Design File "program.hex" File: D:/Desktop/DigitalDevices/schoolMIPS/src/sm_rom.v Line: 14
Error: Can't elaborate user hierarchy "sm_top:sm_top|sm_rom:reset_rom" File: D:/Desktop/DigitalDevices/schoolMIPS/src/sm_top.v Line: 36
Error: Quartus II Analysis & Synthesis was unsuccessful. 2 errors, 35 warnings
    Error: Peak virtual memory: 232 megabytes
    Error: Processing ended: Thu Oct 19 14:01:07 2017
    Error: Elapsed time: 00:00:00
    Error: Total CPU time (on all processors): 00:00:01


