Flow report for labfor_top
Sat Nov 25 23:18:04 2017
Quartus II Version 9.1 Build 222 10/21/2009 SJ Web Edition


---------------------
; Table of Contents ;
---------------------
  1. Legal Notice
  2. Flow Summary
  3. Flow Settings
  4. Flow Non-Default Global Settings
  5. Flow Elapsed Time
  6. Flow OS Summary
  7. Flow Log



----------------
; Legal Notice ;
----------------
Copyright (C) 1991-2009 Altera Corporation
Your use of Altera Corporation's design tools, logic functions 
and other software and tools, and its AMPP partner logic 
functions, and any output files from any of the foregoing 
(including device programming or simulation files), and any 
associated documentation or information are expressly subject 
to the terms and conditions of the Altera Program License 
Subscription Agreement, Altera MegaCore Function License 
Agreement, or other applicable license agreement, including, 
without limitation, that your use is for the sole purpose of 
programming logic devices manufactured by Altera and sold by 
Altera or its authorized distributors.  Please refer to the 
applicable agreement for further details.



+-------------------------------------------------------------------+
; Flow Summary                                                      ;
+-------------------------+-----------------------------------------+
; Flow Status             ; Successful - Sat Nov 25 23:18:04 2017   ;
; Quartus II Version      ; 9.1 Build 222 10/21/2009 SJ Web Edition ;
; Revision Name           ; labfor_top                              ;
; Top-level Entity Name   ; labfor_top                              ;
; Family                  ; Cyclone                                 ;
; Device                  ; EP1C3T144C8                             ;
; Timing Models           ; Final                                   ;
; Met timing requirements ; Yes                                     ;
; Total logic elements    ; 44 / 2,910 ( 2 % )                      ;
; Total pins              ; 33 / 104 ( 32 % )                       ;
; Total virtual pins      ; 0                                       ;
; Total memory bits       ; 128 / 59,904 ( < 1 % )                  ;
; Total PLLs              ; 0 / 1 ( 0 % )                           ;
+-------------------------+-----------------------------------------+


+-----------------------------------------+
; Flow Settings                           ;
+-------------------+---------------------+
; Option            ; Setting             ;
+-------------------+---------------------+
; Start date & time ; 11/25/2017 23:17:55 ;
; Main task         ; Compilation         ;
; Revision Name     ; labfor_top          ;
+-------------------+---------------------+


+------------------------------------------------------------------------------------------------------------------------------------------------------+
; Flow Non-Default Global Settings                                                                                                                     ;
+------------------------------------+------------------------------------------------------------------+---------------+-------------+----------------+
; Assignment Name                    ; Value                                                            ; Default Value ; Entity Name ; Section Id     ;
+------------------------------------+------------------------------------------------------------------+---------------+-------------+----------------+
; COMPILER_SIGNATURE_ID              ; 242211440112621.151164827403756                                  ; --            ; --          ; --             ;
; IP_TOOL_NAME                       ; RAM: 2-PORT                                                      ; --            ; --          ; --             ;
; IP_TOOL_NAME                       ; RAM: 2-PORT                                                      ; --            ; --          ; --             ;
; IP_TOOL_VERSION                    ; 9.1                                                              ; --            ; --          ; --             ;
; IP_TOOL_VERSION                    ; 9.1                                                              ; --            ; --          ; --             ;
; MAX_CORE_JUNCTION_TEMP             ; 85                                                               ; --            ; --          ; --             ;
; MIN_CORE_JUNCTION_TEMP             ; 0                                                                ; --            ; --          ; --             ;
; MISC_FILE                          ; D:/Shamrel/_work/LESO2/demo/demo.dpf                             ; --            ; --          ; --             ;
; MISC_FILE                          ; D:/Users/Konstantin/Desktop/SoC/leso2_demo/leso2_demo/demo.dpf   ; --            ; --          ; --             ;
; MISC_FILE                          ; D:/Desktop/DigitalDevices/schoolMIPS/board/labfor/labfor_top.dpf ; --            ; --          ; --             ;
; MISC_FILE                          ; ram_bb.v                                                         ; --            ; --          ; --             ;
; MISC_FILE                          ; ram_2port_bb.v                                                   ; --            ; --          ; --             ;
; PARTITION_COLOR                    ; 16764057                                                         ; --            ; --          ; Top            ;
; PARTITION_NETLIST_TYPE             ; SOURCE                                                           ; --            ; --          ; Top            ;
; SEARCH_PATH                        ; d:\desktop\digitaldevices\labs\further\spds\board\labfor         ; --            ; --          ; --             ;
; SEARCH_PATH                        ; d:\desktop\digitaldevices\labs\further\spds\board\program        ; --            ; --          ; --             ;
; USE_GENERATED_PHYSICAL_CONSTRAINTS ; Off                                                              ; --            ; --          ; eda_blast_fpga ;
+------------------------------------+------------------------------------------------------------------+---------------+-------------+----------------+


+-----------------------------------------------------------------------------------------------------------------------------+
; Flow Elapsed Time                                                                                                           ;
+-------------------------+--------------+-------------------------+---------------------+------------------------------------+
; Module Name             ; Elapsed Time ; Average Processors Used ; Peak Virtual Memory ; Total CPU Time (on all processors) ;
+-------------------------+--------------+-------------------------+---------------------+------------------------------------+
; Analysis & Synthesis    ; 00:00:03     ; 1.0                     ; 248 MB              ; 00:00:02                           ;
; Fitter                  ; 00:00:02     ; 1.0                     ; 233 MB              ; 00:00:01                           ;
; Assembler               ; 00:00:01     ; 1.0                     ; 208 MB              ; 00:00:00                           ;
; Classic Timing Analyzer ; 00:00:01     ; 1.0                     ; 173 MB              ; 00:00:00                           ;
; Total                   ; 00:00:07     ; --                      ; --                  ; 00:00:03                           ;
+-------------------------+--------------+-------------------------+---------------------+------------------------------------+


+------------------------------------------------------------------------------------------+
; Flow OS Summary                                                                          ;
+-------------------------+------------------+---------------+------------+----------------+
; Module Name             ; Machine Hostname ; OS Name       ; OS Version ; Processor type ;
+-------------------------+------------------+---------------+------------+----------------+
; Analysis & Synthesis    ; WIN-QEKEUR9JHB7  ; Windows Vista ; 6.2        ; x86_64         ;
; Fitter                  ; WIN-QEKEUR9JHB7  ; Windows Vista ; 6.2        ; x86_64         ;
; Assembler               ; WIN-QEKEUR9JHB7  ; Windows Vista ; 6.2        ; x86_64         ;
; Classic Timing Analyzer ; WIN-QEKEUR9JHB7  ; Windows Vista ; 6.2        ; x86_64         ;
+-------------------------+------------------+---------------+------------+----------------+


------------
; Flow Log ;
------------
quartus_map --read_settings_files=on --write_settings_files=off labfor_top -c labfor_top
quartus_fit --read_settings_files=off --write_settings_files=off labfor_top -c labfor_top
quartus_asm --read_settings_files=off --write_settings_files=off labfor_top -c labfor_top
quartus_tan --read_settings_files=off --write_settings_files=off labfor_top -c labfor_top --timing_analysis_only



